[debug] [2021-12-19T19:50:16.074Z] ----------------------------------------------------------------------
[debug] [2021-12-19T19:50:16.076Z] Command:       C:\Program Files\nodejs\node.exe C:\Users\Mololuwa\AppData\Roaming\npm\node_modules\firebase-tools\lib\bin\firebase.js init
[debug] [2021-12-19T19:50:16.076Z] CLI Version:   9.23.3
[debug] [2021-12-19T19:50:16.076Z] Platform:      win32
[debug] [2021-12-19T19:50:16.077Z] Node Version:  v14.18.0
[debug] [2021-12-19T19:50:16.077Z] Time:          Sun Dec 19 2021 20:50:16 GMT+0100 (West Africa Standard Time)
[debug] [2021-12-19T19:50:16.077Z] ----------------------------------------------------------------------
[debug] 
[debug] [2021-12-19T19:50:16.126Z] > command requires scopes: ["email","openid","https://www.googleapis.com/auth/cloudplatformprojects.readonly","https://www.googleapis.com/auth/firebase","https://www.googleapis.com/auth/cloud-platform"]
[debug] [2021-12-19T19:50:16.126Z] > authorizing via signed-in user (reircodes@gmail.com)
[info] 
     ######## #### ########  ######## ########     ###     ######  ########
     ##        ##  ##     ## ##       ##     ##  ##   ##  ##       ##
     ######    ##  ########  ######   ########  #########  ######  ######
     ##        ##  ##    ##  ##       ##     ## ##     ##       ## ##
     ##       #### ##     ## ######## ########  ##     ##  ######  ########

You're about to initialize a Firebase project in this directory:

  C:\Users\Mololuwa

Before we get started, keep in mind:

  * You are initializing within an existing Firebase project directory

